<?xml version="1.0" encoding="UTF-8"?>
<!-- Generated by org.testng.reporters.JUnitReportReporter -->
<testsuite hostname="DESKTOP-3BQ5JAI" failures="0" tests="1" name="com.DemoLogin.BaseClassTest1" time="10.372" errors="0" timestamp="2023-11-09T17:05:14 COT" skipped="0">
  <testcase classname="com.DemoLogin.BaseClassTest1" name="youtubeTest" time="10.372"/>
</testsuite> <!-- com.DemoLogin.BaseClassTest1 -->
