<?xml version="1.0" encoding="UTF-8"?>
<!-- Generated by org.testng.reporters.JUnitReportReporter -->
<testsuite hostname="DESKTOP-3BQ5JAI" failures="0" tests="2" name="com.DemoLogin.DemoRegisterTest" time="26.123" errors="0" timestamp="2023-11-09T17:05:14 COT" skipped="0">
  <testcase classname="com.DemoLogin.DemoRegisterTest" name="signUp" time="13.623"/>
  <testcase classname="com.DemoLogin.DemoRegisterTest" name="assertTest" time="12.500"/>
</testsuite> <!-- com.DemoLogin.DemoRegisterTest -->
