<?xml version="1.0" encoding="UTF-8"?>
<!-- Generated by org.testng.reporters.JUnitReportReporter -->
<testsuite hostname="DESKTOP-3BQ5JAI" failures="0" tests="1" name="com.DemoLogin.FillFormTest" time="15.456" errors="0" timestamp="2023-11-09T17:05:14 COT" skipped="0">
  <testcase classname="com.DemoLogin.FillFormTest" name="FillForm" time="15.456"/>
</testsuite> <!-- com.DemoLogin.FillFormTest -->
